Determining if the pthread_create exist failed with the following output:
Change Dir: /home/robond/catkin_ws/build/CMakeFiles/CMakeTmp

Run Build Command:"/usr/bin/make" "cmTC_dfb67/fast"
/usr/bin/make -f CMakeFiles/cmTC_dfb67.dir/build.make CMakeFiles/cmTC_dfb67.dir/build
make[1]: Entering directory '/home/robond/catkin_ws/build/CMakeFiles/CMakeTmp'
Building C object CMakeFiles/cmTC_dfb67.dir/CheckSymbolExists.c.o
/usr/bin/cc     -o CMakeFiles/cmTC_dfb67.dir/CheckSymbolExists.c.o   -c /home/robond/catkin_ws/build/CMakeFiles/CMakeTmp/CheckSymbolExists.c
Linking C executable cmTC_dfb67
/usr/bin/cmake -E cmake_link_script CMakeFiles/cmTC_dfb67.dir/link.txt --verbose=1
/usr/bin/cc       CMakeFiles/cmTC_dfb67.dir/CheckSymbolExists.c.o  -o cmTC_dfb67 -rdynamic 
CMakeFiles/cmTC_dfb67.dir/CheckSymbolExists.c.o: In function `main':
CheckSymbolExists.c:(.text+0x16): undefined reference to `pthread_create'
collect2: error: ld returned 1 exit status
CMakeFiles/cmTC_dfb67.dir/build.make:97: recipe for target 'cmTC_dfb67' failed
make[1]: *** [cmTC_dfb67] Error 1
make[1]: Leaving directory '/home/robond/catkin_ws/build/CMakeFiles/CMakeTmp'
Makefile:126: recipe for target 'cmTC_dfb67/fast' failed
make: *** [cmTC_dfb67/fast] Error 2

File /home/robond/catkin_ws/build/CMakeFiles/CMakeTmp/CheckSymbolExists.c:
/* */
#include <pthread.h>

int main(int argc, char** argv)
{
  (void)argv;
#ifndef pthread_create
  return ((int*)(&pthread_create))[argc];
#else
  (void)argc;
  return 0;
#endif
}

Determining if the function pthread_create exists in the pthreads failed with the following output:
Change Dir: /home/robond/catkin_ws/build/CMakeFiles/CMakeTmp

Run Build Command:"/usr/bin/make" "cmTC_fe0ba/fast"
/usr/bin/make -f CMakeFiles/cmTC_fe0ba.dir/build.make CMakeFiles/cmTC_fe0ba.dir/build
make[1]: Entering directory '/home/robond/catkin_ws/build/CMakeFiles/CMakeTmp'
Building C object CMakeFiles/cmTC_fe0ba.dir/CheckFunctionExists.c.o
/usr/bin/cc    -DCHECK_FUNCTION_EXISTS=pthread_create   -o CMakeFiles/cmTC_fe0ba.dir/CheckFunctionExists.c.o   -c /usr/share/cmake-3.5/Modules/CheckFunctionExists.c
Linking C executable cmTC_fe0ba
/usr/bin/cmake -E cmake_link_script CMakeFiles/cmTC_fe0ba.dir/link.txt --verbose=1
/usr/bin/cc   -DCHECK_FUNCTION_EXISTS=pthread_create    CMakeFiles/cmTC_fe0ba.dir/CheckFunctionExists.c.o  -o cmTC_fe0ba -rdynamic -lpthreads 
/usr/bin/ld: cannot find -lpthreads
collect2: error: ld returned 1 exit status
CMakeFiles/cmTC_fe0ba.dir/build.make:97: recipe for target 'cmTC_fe0ba' failed
make[1]: *** [cmTC_fe0ba] Error 1
make[1]: Leaving directory '/home/robond/catkin_ws/build/CMakeFiles/CMakeTmp'
Makefile:126: recipe for target 'cmTC_fe0ba/fast' failed
make: *** [cmTC_fe0ba/fast] Error 2


